[2023-08-15T00:53:07.614] [DEBUG] default - "GET /api/categorias localhost"
[2023-08-15T00:53:07.617] [DEBUG] default - "REQUEST PARAMS: {}"
[2023-08-15T00:53:07.620] [DEBUG] default - "RESPONSE STATUS: 200"
[2023-08-15T00:53:07.739] [DEBUG] default - "RESPONSE STATUS: {\"total\":2,\"categorias\":[{\"nombre\":\"cuidado de piel\",\"descripcion\":\"mejorar la apariencia y el tacto de la piel\",\"empresa\":\"64acc6d680d17c210fd9f1b0\",\"estado\":true,\"uid\":\"64ace8170c79b94913fa183b\"},{\"nombre\":\"otros\",\"descripcion\":\"productos sin categoria especifica\",\"empresa\":\"64acc6d680d17c210fd9f1b0\",\"estado\":true,\"uid\":\"64ace8170c79b94913fa183c\"}]}"
[2023-08-15T22:46:03.638] [DEBUG] default - "POST /api/productos localhost"
[2023-08-15T22:46:03.640] [DEBUG] default - "REQUEST PARAMS: {\"nombre\":\"Emoliente\",\"empresa\":\"64dc45b8bd6f024d05b89baf\",\"aplicacion\":\"64ac94defe9ceb19aba0a84b\",\"categoria\":\"64ace8170c79b94913fa183b\",\"codigo\":\"P001\",\"codigo_sunat\":\"001\",\"descuento\":0,\"descripcion\":\"producto bebible\",\"precio_unitario\":1.5,\"unidad_medida\":\"LTR\",\"valor_unitario\":\"1.27118\"}"
[2023-08-15T22:46:03.643] [DEBUG] default - "RESPONSE STATUS: 200"
[2023-08-15T22:46:03.802] [DEBUG] default - "RESPONSE STATUS: {\"messsage\":\"clienteNuevo - Cliente almacenado correctamente\",\"cliente\":{\"nombre\":\"Emoliente\",\"empresa\":\"64dc45b8bd6f024d05b89baf\",\"aplicacion\":\"64ac94defe9ceb19aba0a84b\",\"categoria\":\"64ace8170c79b94913fa183b\",\"codigo\":\"P001\",\"codigo_sunat\":\"001\",\"descuento\":0,\"descripcion\":\"producto bebible\",\"estado\":true,\"precio_unitario\":1.5,\"unidad_medida\":\"LTR\",\"valor_unitario\":1.27118,\"uid\":\"64dc467b71e4c995190a357d\"},\"hasError\":false}"
[2023-08-15T23:21:05.823] [DEBUG] default - "GET /api/productos localhost"
[2023-08-15T23:21:05.825] [DEBUG] default - "REQUEST PARAMS: {}"
[2023-08-15T23:21:05.827] [DEBUG] default - "RESPONSE STATUS: 200"
[2023-08-15T23:21:05.945] [DEBUG] default - "RESPONSE STATUS: {\"messsage\":\"productoBuscar - Producto encontrado\",\"producto\":{\"nombre\":\"Emoliente\",\"empresa\":\"64dc45b8bd6f024d05b89baf\",\"aplicacion\":\"64ac94defe9ceb19aba0a84b\",\"categoria\":\"64ace8170c79b94913fa183b\",\"codigo\":\"P001\",\"codigo_sunat\":\"001\",\"descuento\":0,\"descripcion\":\"producto bebible\",\"estado\":true,\"precio_unitario\":1.5,\"unidad_medida\":\"LTR\",\"valor_unitario\":1.27118,\"uid\":\"64dc467b71e4c995190a357d\"},\"hasError\":false}"
[2023-08-15T23:58:24.638] [DEBUG] default - "POST /api/productos localhost"
[2023-08-15T23:58:24.640] [DEBUG] default - "REQUEST PARAMS: {\"nombre\":\"Pan\",\"empresa\":\"64dc45b8bd6f024d05b89baf\",\"aplicacion\":\"64ac94defe9ceb19aba0a84b\",\"categoria\":\"64ace8170c79b94913fa183b\",\"codigo\":\"P001\",\"codigo_sunat\":\"001\",\"descuento\":0,\"descripcion\":\"producto bebible\",\"precio_unitario\":1.5,\"unidad_medida\":\"UND\",\"valor_unitario\":\"1.27118\"}"
[2023-08-15T23:58:24.642] [DEBUG] default - "RESPONSE STATUS: 200"
[2023-08-15T23:58:24.790] [DEBUG] default - "RESPONSE STATUS: {\"messsage\":\"clienteNuevo - Cliente almacenado correctamente\",\"cliente\":{\"nombre\":\"Pan\",\"empresa\":\"64dc45b8bd6f024d05b89baf\",\"aplicacion\":\"64ac94defe9ceb19aba0a84b\",\"categoria\":\"64ace8170c79b94913fa183b\",\"codigo\":\"P001\",\"codigo_sunat\":\"001\",\"descuento\":0,\"descripcion\":\"producto bebible\",\"estado\":true,\"precio_unitario\":1.5,\"unidad_medida\":\"UND\",\"valor_unitario\":1.27118,\"uid\":\"64dc577018454f4ec561618a\"},\"hasError\":false}"
[2023-08-15T23:59:08.564] [DEBUG] default - "GET /api/productos localhost"
[2023-08-15T23:59:08.566] [DEBUG] default - "REQUEST PARAMS: {}"
[2023-08-15T23:59:08.568] [DEBUG] default - "RESPONSE STATUS: 200"
[2023-08-15T23:59:08.690] [DEBUG] default - "RESPONSE STATUS: {\"messsage\":\"productoObtener - Producto encontrado\",\"producto\":{\"nombre\":\"Emoliente\",\"empresa\":\"64dc45b8bd6f024d05b89baf\",\"aplicacion\":\"64ac94defe9ceb19aba0a84b\",\"categoria\":\"64ace8170c79b94913fa183b\",\"codigo\":\"P001\",\"codigo_sunat\":\"001\",\"descuento\":0,\"descripcion\":\"producto bebible\",\"estado\":true,\"precio_unitario\":1.5,\"unidad_medida\":\"LTR\",\"valor_unitario\":1.27118,\"uid\":\"64dc467b71e4c995190a357d\"},\"hasError\":false}"
[2023-08-16T00:03:40.346] [DEBUG] default - "GET /api/productos/ localhost"
[2023-08-16T00:03:40.348] [DEBUG] default - "REQUEST PARAMS: {}"
[2023-08-16T00:03:40.350] [DEBUG] default - "RESPONSE STATUS: 200"
[2023-08-16T00:03:41.886] [DEBUG] default - "RESPONSE STATUS: {\"messsage\":\"productoObtener - Producto encontrado\",\"producto\":{\"nombre\":\"Emoliente\",\"empresa\":\"64dc45b8bd6f024d05b89baf\",\"aplicacion\":\"64ac94defe9ceb19aba0a84b\",\"categoria\":\"64ace8170c79b94913fa183b\",\"codigo\":\"P001\",\"codigo_sunat\":\"001\",\"descuento\":0,\"descripcion\":\"producto bebible\",\"estado\":true,\"precio_unitario\":1.5,\"unidad_medida\":\"LTR\",\"valor_unitario\":1.27118,\"uid\":\"64dc467b71e4c995190a357d\"},\"hasError\":false}"
[2023-08-16T00:06:23.793] [DEBUG] default - "GET /api/productos/listar localhost"
[2023-08-16T00:06:23.796] [DEBUG] default - "REQUEST PARAMS: {}"
[2023-08-16T00:06:23.798] [DEBUG] default - "RESPONSE STATUS: 200"
[2023-08-16T00:06:23.915] [DEBUG] default - "RESPONSE STATUS: {\"messsage\":\"productoListar - Productos encontrados\",\"total\":2,\"producto\":[{\"nombre\":\"Emoliente\",\"empresa\":\"64dc45b8bd6f024d05b89baf\",\"aplicacion\":\"64ac94defe9ceb19aba0a84b\",\"categoria\":\"64ace8170c79b94913fa183b\",\"codigo\":\"P001\",\"codigo_sunat\":\"001\",\"descuento\":0,\"descripcion\":\"producto bebible\",\"estado\":true,\"precio_unitario\":1.5,\"unidad_medida\":\"LTR\",\"valor_unitario\":1.27118,\"uid\":\"64dc467b71e4c995190a357d\"},{\"nombre\":\"Pan\",\"empresa\":\"64dc45b8bd6f024d05b89baf\",\"aplicacion\":\"64ac94defe9ceb19aba0a84b\",\"categoria\":\"64ace8170c79b94913fa183b\",\"codigo\":\"P001\",\"codigo_sunat\":\"001\",\"descuento\":0,\"descripcion\":\"producto bebible\",\"estado\":true,\"precio_unitario\":1.5,\"unidad_medida\":\"UND\",\"valor_unitario\":1.27118,\"uid\":\"64dc577018454f4ec561618a\"}],\"hasError\":false}"
[2023-08-16T00:12:52.465] [DEBUG] default - "GET /api/productos/listar localhost"
[2023-08-16T00:12:52.468] [DEBUG] default - "REQUEST PARAMS: {}"
[2023-08-16T00:12:52.469] [DEBUG] default - "RESPONSE STATUS: 200"
[2023-08-16T00:12:52.588] [DEBUG] default - "RESPONSE STATUS: {\"messsage\":\"Error no identificado StrictPopulateError: Cannot populate path `applications` because it is not in your schema. Set the `strictPopulate` option to false to override.\",\"total\":0,\"cliente\":null,\"hasError\":true}"
[2023-08-16T00:13:13.099] [DEBUG] default - "GET /api/productos/listar localhost"
[2023-08-16T00:13:13.101] [DEBUG] default - "REQUEST PARAMS: {}"
[2023-08-16T00:13:13.103] [DEBUG] default - "RESPONSE STATUS: 200"
[2023-08-16T00:13:14.884] [DEBUG] default - "RESPONSE STATUS: {\"messsage\":\"Error no identificado StrictPopulateError: Cannot populate path `Application` because it is not in your schema. Set the `strictPopulate` option to false to override.\",\"total\":0,\"cliente\":null,\"hasError\":true}"
[2023-08-16T00:14:19.504] [DEBUG] default - "GET /api/productos/listar localhost"
[2023-08-16T00:14:19.507] [DEBUG] default - "REQUEST PARAMS: {}"
[2023-08-16T00:14:19.509] [DEBUG] default - "RESPONSE STATUS: 200"
[2023-08-16T00:14:21.085] [DEBUG] default - "RESPONSE STATUS: {\"messsage\":\"productoListar - Productos encontrados\",\"total\":2,\"producto\":[{\"nombre\":\"Emoliente\",\"empresa\":\"64dc45b8bd6f024d05b89baf\",\"aplicacion\":{\"_id\":\"64ac94defe9ceb19aba0a84b\",\"nombre\":\"SOFIA\",\"descripcion\":\"Software de ventas, financias y administracion\",\"estado\":true,\"suppliers\":[\"64acc6d680d17c210fd9f1b0\",\"64acc748ea1b0faee3531f33\"]},\"categoria\":\"64ace8170c79b94913fa183b\",\"codigo\":\"P001\",\"codigo_sunat\":\"001\",\"descuento\":0,\"descripcion\":\"producto bebible\",\"estado\":true,\"precio_unitario\":1.5,\"unidad_medida\":\"LTR\",\"valor_unitario\":1.27118,\"uid\":\"64dc467b71e4c995190a357d\"},{\"nombre\":\"Pan\",\"empresa\":\"64dc45b8bd6f024d05b89baf\",\"aplicacion\":{\"_id\":\"64ac94defe9ceb19aba0a84b\",\"nombre\":\"SOFIA\",\"descripcion\":\"Software de ventas, financias y administracion\",\"estado\":true,\"suppliers\":[\"64acc6d680d17c210fd9f1b0\",\"64acc748ea1b0faee3531f33\"]},\"categoria\":\"64ace8170c79b94913fa183b\",\"codigo\":\"P001\",\"codigo_sunat\":\"001\",\"descuento\":0,\"descripcion\":\"producto bebible\",\"estado\":true,\"precio_unitario\":1.5,\"unidad_medida\":\"UND\",\"valor_unitario\":1.27118,\"uid\":\"64dc577018454f4ec561618a\"}],\"hasError\":false}"
[2023-08-16T00:14:46.431] [DEBUG] default - "GET /api/productos/listar localhost"
[2023-08-16T00:14:46.433] [DEBUG] default - "REQUEST PARAMS: {}"
[2023-08-16T00:14:46.435] [DEBUG] default - "RESPONSE STATUS: 200"
[2023-08-16T00:14:48.040] [DEBUG] default - "RESPONSE STATUS: {\"messsage\":\"productoListar - Productos encontrados\",\"total\":2,\"producto\":[{\"nombre\":\"Emoliente\",\"empresa\":\"64dc45b8bd6f024d05b89baf\",\"aplicacion\":{\"_id\":\"64ac94defe9ceb19aba0a84b\",\"nombre\":\"SOFIA\",\"descripcion\":\"Software de ventas, financias y administracion\",\"estado\":true,\"suppliers\":[\"64acc6d680d17c210fd9f1b0\",\"64acc748ea1b0faee3531f33\"]},\"categoria\":\"64ace8170c79b94913fa183b\",\"codigo\":\"P001\",\"codigo_sunat\":\"001\",\"descuento\":0,\"descripcion\":\"producto bebible\",\"estado\":true,\"precio_unitario\":1.5,\"unidad_medida\":\"LTR\",\"valor_unitario\":1.27118,\"uid\":\"64dc467b71e4c995190a357d\"},{\"nombre\":\"Pan\",\"empresa\":\"64dc45b8bd6f024d05b89baf\",\"aplicacion\":{\"_id\":\"64ac94defe9ceb19aba0a84b\",\"nombre\":\"SOFIA\",\"descripcion\":\"Software de ventas, financias y administracion\",\"estado\":true,\"suppliers\":[\"64acc6d680d17c210fd9f1b0\",\"64acc748ea1b0faee3531f33\"]},\"categoria\":\"64ace8170c79b94913fa183b\",\"codigo\":\"P001\",\"codigo_sunat\":\"001\",\"descuento\":0,\"descripcion\":\"producto bebible\",\"estado\":true,\"precio_unitario\":1.5,\"unidad_medida\":\"UND\",\"valor_unitario\":1.27118,\"uid\":\"64dc577018454f4ec561618a\"}],\"hasError\":false}"
[2023-08-16T00:15:06.272] [DEBUG] default - "GET /api/productos/listar localhost"
[2023-08-16T00:15:06.274] [DEBUG] default - "REQUEST PARAMS: {}"
[2023-08-16T00:15:06.276] [DEBUG] default - "RESPONSE STATUS: 200"
[2023-08-16T00:15:06.503] [DEBUG] default - "RESPONSE STATUS: {\"messsage\":\"productoListar - Productos encontrados\",\"total\":2,\"producto\":[{\"nombre\":\"Emoliente\",\"empresa\":\"64dc45b8bd6f024d05b89baf\",\"aplicacion\":{\"_id\":\"64ac94defe9ceb19aba0a84b\",\"nombre\":\"SOFIA\",\"descripcion\":\"Software de ventas, financias y administracion\",\"estado\":true,\"suppliers\":[\"64acc6d680d17c210fd9f1b0\",\"64acc748ea1b0faee3531f33\"]},\"categoria\":\"64ace8170c79b94913fa183b\",\"codigo\":\"P001\",\"codigo_sunat\":\"001\",\"descuento\":0,\"descripcion\":\"producto bebible\",\"estado\":true,\"precio_unitario\":1.5,\"unidad_medida\":\"LTR\",\"valor_unitario\":1.27118,\"uid\":\"64dc467b71e4c995190a357d\"},{\"nombre\":\"Pan\",\"empresa\":\"64dc45b8bd6f024d05b89baf\",\"aplicacion\":{\"_id\":\"64ac94defe9ceb19aba0a84b\",\"nombre\":\"SOFIA\",\"descripcion\":\"Software de ventas, financias y administracion\",\"estado\":true,\"suppliers\":[\"64acc6d680d17c210fd9f1b0\",\"64acc748ea1b0faee3531f33\"]},\"categoria\":\"64ace8170c79b94913fa183b\",\"codigo\":\"P001\",\"codigo_sunat\":\"001\",\"descuento\":0,\"descripcion\":\"producto bebible\",\"estado\":true,\"precio_unitario\":1.5,\"unidad_medida\":\"UND\",\"valor_unitario\":1.27118,\"uid\":\"64dc577018454f4ec561618a\"}],\"hasError\":false}"
[2023-08-16T00:16:02.498] [DEBUG] default - "GET /api/productos/listar localhost"
[2023-08-16T00:16:02.501] [DEBUG] default - "REQUEST PARAMS: {}"
[2023-08-16T00:16:02.503] [DEBUG] default - "RESPONSE STATUS: 200"
[2023-08-16T00:16:02.712] [DEBUG] default - "RESPONSE STATUS: {\"messsage\":\"productoListar - Productos encontrados\",\"total\":2,\"producto\":[{\"nombre\":\"Emoliente\",\"empresa\":\"64dc45b8bd6f024d05b89baf\",\"aplicacion\":{\"_id\":\"64ac94defe9ceb19aba0a84b\"},\"categoria\":\"64ace8170c79b94913fa183b\",\"codigo\":\"P001\",\"codigo_sunat\":\"001\",\"descuento\":0,\"descripcion\":\"producto bebible\",\"estado\":true,\"precio_unitario\":1.5,\"unidad_medida\":\"LTR\",\"valor_unitario\":1.27118,\"uid\":\"64dc467b71e4c995190a357d\"},{\"nombre\":\"Pan\",\"empresa\":\"64dc45b8bd6f024d05b89baf\",\"aplicacion\":{\"_id\":\"64ac94defe9ceb19aba0a84b\"},\"categoria\":\"64ace8170c79b94913fa183b\",\"codigo\":\"P001\",\"codigo_sunat\":\"001\",\"descuento\":0,\"descripcion\":\"producto bebible\",\"estado\":true,\"precio_unitario\":1.5,\"unidad_medida\":\"UND\",\"valor_unitario\":1.27118,\"uid\":\"64dc577018454f4ec561618a\"}],\"hasError\":false}"
[2023-08-16T00:16:15.561] [DEBUG] default - "GET /api/productos/listar localhost"
[2023-08-16T00:16:15.564] [DEBUG] default - "REQUEST PARAMS: {}"
[2023-08-16T00:16:15.566] [DEBUG] default - "RESPONSE STATUS: 200"
[2023-08-16T00:16:17.528] [DEBUG] default - "RESPONSE STATUS: {\"messsage\":\"productoListar - Productos encontrados\",\"total\":2,\"producto\":[{\"nombre\":\"Emoliente\",\"empresa\":\"64dc45b8bd6f024d05b89baf\",\"aplicacion\":{\"_id\":\"64ac94defe9ceb19aba0a84b\",\"nombre\":\"SOFIA\"},\"categoria\":\"64ace8170c79b94913fa183b\",\"codigo\":\"P001\",\"codigo_sunat\":\"001\",\"descuento\":0,\"descripcion\":\"producto bebible\",\"estado\":true,\"precio_unitario\":1.5,\"unidad_medida\":\"LTR\",\"valor_unitario\":1.27118,\"uid\":\"64dc467b71e4c995190a357d\"},{\"nombre\":\"Pan\",\"empresa\":\"64dc45b8bd6f024d05b89baf\",\"aplicacion\":{\"_id\":\"64ac94defe9ceb19aba0a84b\",\"nombre\":\"SOFIA\"},\"categoria\":\"64ace8170c79b94913fa183b\",\"codigo\":\"P001\",\"codigo_sunat\":\"001\",\"descuento\":0,\"descripcion\":\"producto bebible\",\"estado\":true,\"precio_unitario\":1.5,\"unidad_medida\":\"UND\",\"valor_unitario\":1.27118,\"uid\":\"64dc577018454f4ec561618a\"}],\"hasError\":false}"
[2023-08-16T00:17:42.770] [DEBUG] default - "GET /api/productos/listar localhost"
[2023-08-16T00:17:42.772] [DEBUG] default - "REQUEST PARAMS: {}"
[2023-08-16T00:17:42.774] [DEBUG] default - "RESPONSE STATUS: 200"
[2023-08-16T00:17:42.999] [DEBUG] default - "RESPONSE STATUS: {\"messsage\":\"productoListar - Productos encontrados\",\"total\":2,\"producto\":[{\"nombre\":\"Emoliente\",\"empresa\":null,\"aplicacion\":{\"_id\":\"64ac94defe9ceb19aba0a84b\",\"nombre\":\"SOFIA\"},\"categoria\":\"64ace8170c79b94913fa183b\",\"codigo\":\"P001\",\"codigo_sunat\":\"001\",\"descuento\":0,\"descripcion\":\"producto bebible\",\"estado\":true,\"precio_unitario\":1.5,\"unidad_medida\":\"LTR\",\"valor_unitario\":1.27118,\"uid\":\"64dc467b71e4c995190a357d\"},{\"nombre\":\"Pan\",\"empresa\":null,\"aplicacion\":{\"_id\":\"64ac94defe9ceb19aba0a84b\",\"nombre\":\"SOFIA\"},\"categoria\":\"64ace8170c79b94913fa183b\",\"codigo\":\"P001\",\"codigo_sunat\":\"001\",\"descuento\":0,\"descripcion\":\"producto bebible\",\"estado\":true,\"precio_unitario\":1.5,\"unidad_medida\":\"UND\",\"valor_unitario\":1.27118,\"uid\":\"64dc577018454f4ec561618a\"}],\"hasError\":false}"
[2023-08-16T00:17:59.043] [DEBUG] default - "GET /api/productos/listar localhost"
[2023-08-16T00:17:59.045] [DEBUG] default - "REQUEST PARAMS: {}"
[2023-08-16T00:17:59.047] [DEBUG] default - "RESPONSE STATUS: 200"
[2023-08-16T00:17:59.275] [DEBUG] default - "RESPONSE STATUS: {\"messsage\":\"productoListar - Productos encontrados\",\"total\":2,\"producto\":[{\"nombre\":\"Emoliente\",\"empresa\":null,\"aplicacion\":{\"_id\":\"64ac94defe9ceb19aba0a84b\",\"nombre\":\"SOFIA\"},\"categoria\":\"64ace8170c79b94913fa183b\",\"codigo\":\"P001\",\"codigo_sunat\":\"001\",\"descuento\":0,\"descripcion\":\"producto bebible\",\"estado\":true,\"precio_unitario\":1.5,\"unidad_medida\":\"LTR\",\"valor_unitario\":1.27118,\"uid\":\"64dc467b71e4c995190a357d\"},{\"nombre\":\"Pan\",\"empresa\":null,\"aplicacion\":{\"_id\":\"64ac94defe9ceb19aba0a84b\",\"nombre\":\"SOFIA\"},\"categoria\":\"64ace8170c79b94913fa183b\",\"codigo\":\"P001\",\"codigo_sunat\":\"001\",\"descuento\":0,\"descripcion\":\"producto bebible\",\"estado\":true,\"precio_unitario\":1.5,\"unidad_medida\":\"UND\",\"valor_unitario\":1.27118,\"uid\":\"64dc577018454f4ec561618a\"}],\"hasError\":false}"
[2023-08-16T00:18:00.819] [DEBUG] default - "GET /api/productos/listar localhost"
[2023-08-16T00:18:00.821] [DEBUG] default - "REQUEST PARAMS: {}"
[2023-08-16T00:18:00.822] [DEBUG] default - "RESPONSE STATUS: 200"
[2023-08-16T00:18:01.044] [DEBUG] default - "RESPONSE STATUS: {\"messsage\":\"productoListar - Productos encontrados\",\"total\":2,\"producto\":[{\"nombre\":\"Emoliente\",\"empresa\":null,\"aplicacion\":{\"_id\":\"64ac94defe9ceb19aba0a84b\",\"nombre\":\"SOFIA\"},\"categoria\":\"64ace8170c79b94913fa183b\",\"codigo\":\"P001\",\"codigo_sunat\":\"001\",\"descuento\":0,\"descripcion\":\"producto bebible\",\"estado\":true,\"precio_unitario\":1.5,\"unidad_medida\":\"LTR\",\"valor_unitario\":1.27118,\"uid\":\"64dc467b71e4c995190a357d\"},{\"nombre\":\"Pan\",\"empresa\":null,\"aplicacion\":{\"_id\":\"64ac94defe9ceb19aba0a84b\",\"nombre\":\"SOFIA\"},\"categoria\":\"64ace8170c79b94913fa183b\",\"codigo\":\"P001\",\"codigo_sunat\":\"001\",\"descuento\":0,\"descripcion\":\"producto bebible\",\"estado\":true,\"precio_unitario\":1.5,\"unidad_medida\":\"UND\",\"valor_unitario\":1.27118,\"uid\":\"64dc577018454f4ec561618a\"}],\"hasError\":false}"
[2023-08-16T00:20:18.788] [DEBUG] default - "GET /api/productos/listar localhost"
[2023-08-16T00:20:18.790] [DEBUG] default - "REQUEST PARAMS: {}"
[2023-08-16T00:20:18.792] [DEBUG] default - "RESPONSE STATUS: 200"
[2023-08-16T00:20:19.034] [DEBUG] default - "RESPONSE STATUS: {\"messsage\":\"productoListar - Productos encontrados\",\"total\":2,\"producto\":[{\"nombre\":\"Emoliente\",\"empresa\":null,\"aplicacion\":{\"_id\":\"64ac94defe9ceb19aba0a84b\",\"nombre\":\"SOFIA\"},\"categoria\":\"64ace8170c79b94913fa183b\",\"codigo\":\"P001\",\"codigo_sunat\":\"001\",\"descuento\":0,\"descripcion\":\"producto bebible\",\"estado\":true,\"precio_unitario\":1.5,\"unidad_medida\":\"LTR\",\"valor_unitario\":1.27118,\"uid\":\"64dc467b71e4c995190a357d\"},{\"nombre\":\"Pan\",\"empresa\":null,\"aplicacion\":{\"_id\":\"64ac94defe9ceb19aba0a84b\",\"nombre\":\"SOFIA\"},\"categoria\":\"64ace8170c79b94913fa183b\",\"codigo\":\"P001\",\"codigo_sunat\":\"001\",\"descuento\":0,\"descripcion\":\"producto bebible\",\"estado\":true,\"precio_unitario\":1.5,\"unidad_medida\":\"UND\",\"valor_unitario\":1.27118,\"uid\":\"64dc577018454f4ec561618a\"}],\"hasError\":false}"
[2023-08-16T00:20:46.039] [DEBUG] default - "GET /api/productos/listar localhost"
[2023-08-16T00:20:46.042] [DEBUG] default - "REQUEST PARAMS: {}"
[2023-08-16T00:20:46.043] [DEBUG] default - "RESPONSE STATUS: 200"
[2023-08-16T00:20:46.261] [DEBUG] default - "RESPONSE STATUS: {\"messsage\":\"productoListar - Productos encontrados\",\"total\":2,\"producto\":[{\"nombre\":\"Emoliente\",\"empresa\":null,\"aplicacion\":{\"_id\":\"64ac94defe9ceb19aba0a84b\",\"nombre\":\"SOFIA\"},\"categoria\":\"64ace8170c79b94913fa183b\",\"codigo\":\"P001\",\"codigo_sunat\":\"001\",\"descuento\":0,\"descripcion\":\"producto bebible\",\"estado\":true,\"precio_unitario\":1.5,\"unidad_medida\":\"LTR\",\"valor_unitario\":1.27118,\"uid\":\"64dc467b71e4c995190a357d\"},{\"nombre\":\"Pan\",\"empresa\":null,\"aplicacion\":{\"_id\":\"64ac94defe9ceb19aba0a84b\",\"nombre\":\"SOFIA\"},\"categoria\":\"64ace8170c79b94913fa183b\",\"codigo\":\"P001\",\"codigo_sunat\":\"001\",\"descuento\":0,\"descripcion\":\"producto bebible\",\"estado\":true,\"precio_unitario\":1.5,\"unidad_medida\":\"UND\",\"valor_unitario\":1.27118,\"uid\":\"64dc577018454f4ec561618a\"}],\"hasError\":false}"
[2023-08-16T00:20:47.919] [DEBUG] default - "GET /api/productos/listar localhost"
[2023-08-16T00:20:47.920] [DEBUG] default - "REQUEST PARAMS: {}"
[2023-08-16T00:20:47.921] [DEBUG] default - "RESPONSE STATUS: 200"
[2023-08-16T00:20:48.136] [DEBUG] default - "RESPONSE STATUS: {\"messsage\":\"productoListar - Productos encontrados\",\"total\":2,\"producto\":[{\"nombre\":\"Emoliente\",\"empresa\":null,\"aplicacion\":{\"_id\":\"64ac94defe9ceb19aba0a84b\",\"nombre\":\"SOFIA\"},\"categoria\":\"64ace8170c79b94913fa183b\",\"codigo\":\"P001\",\"codigo_sunat\":\"001\",\"descuento\":0,\"descripcion\":\"producto bebible\",\"estado\":true,\"precio_unitario\":1.5,\"unidad_medida\":\"LTR\",\"valor_unitario\":1.27118,\"uid\":\"64dc467b71e4c995190a357d\"},{\"nombre\":\"Pan\",\"empresa\":null,\"aplicacion\":{\"_id\":\"64ac94defe9ceb19aba0a84b\",\"nombre\":\"SOFIA\"},\"categoria\":\"64ace8170c79b94913fa183b\",\"codigo\":\"P001\",\"codigo_sunat\":\"001\",\"descuento\":0,\"descripcion\":\"producto bebible\",\"estado\":true,\"precio_unitario\":1.5,\"unidad_medida\":\"UND\",\"valor_unitario\":1.27118,\"uid\":\"64dc577018454f4ec561618a\"}],\"hasError\":false}"
[2023-08-16T00:21:20.989] [DEBUG] default - "GET /api/productos/listar localhost"
[2023-08-16T00:21:20.991] [DEBUG] default - "REQUEST PARAMS: {}"
[2023-08-16T00:21:20.993] [DEBUG] default - "RESPONSE STATUS: 200"
[2023-08-16T00:21:21.216] [DEBUG] default - "RESPONSE STATUS: {\"messsage\":\"productoListar - Productos encontrados\",\"total\":2,\"producto\":[{\"nombre\":\"Emoliente\",\"empresa\":null,\"aplicacion\":{\"_id\":\"64ac94defe9ceb19aba0a84b\",\"nombre\":\"SOFIA\"},\"categoria\":\"64ace8170c79b94913fa183b\",\"codigo\":\"P001\",\"codigo_sunat\":\"001\",\"descuento\":0,\"descripcion\":\"producto bebible\",\"estado\":true,\"precio_unitario\":1.5,\"unidad_medida\":\"LTR\",\"valor_unitario\":1.27118,\"uid\":\"64dc467b71e4c995190a357d\"},{\"nombre\":\"Pan\",\"empresa\":null,\"aplicacion\":{\"_id\":\"64ac94defe9ceb19aba0a84b\",\"nombre\":\"SOFIA\"},\"categoria\":\"64ace8170c79b94913fa183b\",\"codigo\":\"P001\",\"codigo_sunat\":\"001\",\"descuento\":0,\"descripcion\":\"producto bebible\",\"estado\":true,\"precio_unitario\":1.5,\"unidad_medida\":\"UND\",\"valor_unitario\":1.27118,\"uid\":\"64dc577018454f4ec561618a\"}],\"hasError\":false}"
[2023-08-16T00:21:46.082] [DEBUG] default - "GET /api/productos/listar localhost"
[2023-08-16T00:21:46.085] [DEBUG] default - "REQUEST PARAMS: {}"
[2023-08-16T00:21:46.087] [DEBUG] default - "RESPONSE STATUS: 200"
[2023-08-16T00:21:46.320] [DEBUG] default - "RESPONSE STATUS: {\"messsage\":\"productoListar - Productos encontrados\",\"total\":2,\"producto\":[{\"nombre\":\"Emoliente\",\"empresa\":null,\"aplicacion\":{\"_id\":\"64ac94defe9ceb19aba0a84b\",\"nombre\":\"SOFIA\"},\"categoria\":{\"_id\":\"64ace8170c79b94913fa183b\",\"nombre\":\"cuidado de piel\",\"descripcion\":\"mejorar la apariencia y el tacto de la piel\",\"empresa\":\"64acc6d680d17c210fd9f1b0\",\"estado\":true,\"__v\":0},\"codigo\":\"P001\",\"codigo_sunat\":\"001\",\"descuento\":0,\"descripcion\":\"producto bebible\",\"estado\":true,\"precio_unitario\":1.5,\"unidad_medida\":\"LTR\",\"valor_unitario\":1.27118,\"uid\":\"64dc467b71e4c995190a357d\"},{\"nombre\":\"Pan\",\"empresa\":null,\"aplicacion\":{\"_id\":\"64ac94defe9ceb19aba0a84b\",\"nombre\":\"SOFIA\"},\"categoria\":{\"_id\":\"64ace8170c79b94913fa183b\",\"nombre\":\"cuidado de piel\",\"descripcion\":\"mejorar la apariencia y el tacto de la piel\",\"empresa\":\"64acc6d680d17c210fd9f1b0\",\"estado\":true,\"__v\":0},\"codigo\":\"P001\",\"codigo_sunat\":\"001\",\"descuento\":0,\"descripcion\":\"producto bebible\",\"estado\":true,\"precio_unitario\":1.5,\"unidad_medida\":\"UND\",\"valor_unitario\":1.27118,\"uid\":\"64dc577018454f4ec561618a\"}],\"hasError\":false}"
[2023-08-16T00:24:38.586] [DEBUG] default - "GET /api/productos/listar localhost"
[2023-08-16T00:24:38.588] [DEBUG] default - "REQUEST PARAMS: {}"
[2023-08-16T00:24:38.590] [DEBUG] default - "RESPONSE STATUS: 200"
[2023-08-16T00:24:38.826] [DEBUG] default - "RESPONSE STATUS: {\"messsage\":\"productoListar - Productos encontrados\",\"total\":2,\"producto\":[{\"nombre\":\"Emoliente\",\"empresa\":null,\"aplicacion\":{\"_id\":\"64ac94defe9ceb19aba0a84b\",\"nombre\":\"SOFIA\"},\"categoria\":{\"_id\":\"64ace8170c79b94913fa183b\",\"nombre\":\"cuidado de piel\",\"descripcion\":\"mejorar la apariencia y el tacto de la piel\",\"empresa\":\"64acc6d680d17c210fd9f1b0\",\"estado\":true,\"__v\":0},\"codigo\":\"P001\",\"codigo_sunat\":\"001\",\"descuento\":0,\"descripcion\":\"producto bebible\",\"estado\":true,\"precio_unitario\":1.5,\"unidad_medida\":\"LTR\",\"valor_unitario\":1.27118,\"uid\":\"64dc467b71e4c995190a357d\"},{\"nombre\":\"Pan\",\"empresa\":null,\"aplicacion\":{\"_id\":\"64ac94defe9ceb19aba0a84b\",\"nombre\":\"SOFIA\"},\"categoria\":{\"_id\":\"64ace8170c79b94913fa183b\",\"nombre\":\"cuidado de piel\",\"descripcion\":\"mejorar la apariencia y el tacto de la piel\",\"empresa\":\"64acc6d680d17c210fd9f1b0\",\"estado\":true,\"__v\":0},\"codigo\":\"P001\",\"codigo_sunat\":\"001\",\"descuento\":0,\"descripcion\":\"producto bebible\",\"estado\":true,\"precio_unitario\":1.5,\"unidad_medida\":\"UND\",\"valor_unitario\":1.27118,\"uid\":\"64dc577018454f4ec561618a\"}],\"hasError\":false}"
[2023-08-16T00:26:03.000] [DEBUG] default - "GET /api/productos/listar localhost"
[2023-08-16T00:26:03.002] [DEBUG] default - "REQUEST PARAMS: {}"
[2023-08-16T00:26:03.003] [DEBUG] default - "RESPONSE STATUS: 200"
[2023-08-16T00:26:03.117] [DEBUG] default - "RESPONSE STATUS: {\"messsage\":\"productoListar - Productos encontrados\",\"total\":0,\"producto\":[],\"hasError\":false}"
[2023-08-16T00:26:09.600] [DEBUG] default - "GET /api/productos/listar localhost"
[2023-08-16T00:26:09.601] [DEBUG] default - "REQUEST PARAMS: {}"
[2023-08-16T00:26:09.603] [DEBUG] default - "RESPONSE STATUS: 200"
[2023-08-16T00:26:09.825] [DEBUG] default - "RESPONSE STATUS: {\"messsage\":\"productoListar - Productos encontrados\",\"total\":2,\"producto\":[{\"nombre\":\"Emoliente\",\"empresa\":{\"_id\":\"64acc6d680d17c210fd9f1b0\",\"nombre_comercial\":\"SPAXION\",\"razon_social\":\"Spaxion por tu belleza SAC\",\"ruc\":\"20608699679\",\"estado\":true,\"__v\":0},\"aplicacion\":{\"_id\":\"64ac94defe9ceb19aba0a84b\",\"nombre\":\"SOFIA\"},\"categoria\":{\"_id\":\"64ace8170c79b94913fa183b\",\"nombre\":\"cuidado de piel\",\"descripcion\":\"mejorar la apariencia y el tacto de la piel\",\"empresa\":\"64acc6d680d17c210fd9f1b0\",\"estado\":true,\"__v\":0},\"codigo\":\"P001\",\"codigo_sunat\":\"001\",\"descuento\":0,\"descripcion\":\"producto bebible\",\"estado\":true,\"precio_unitario\":1.5,\"unidad_medida\":\"LTR\",\"valor_unitario\":1.27118,\"uid\":\"64dc467b71e4c995190a357d\"},{\"nombre\":\"Pan\",\"empresa\":{\"_id\":\"64acc6d680d17c210fd9f1b0\",\"nombre_comercial\":\"SPAXION\",\"razon_social\":\"Spaxion por tu belleza SAC\",\"ruc\":\"20608699679\",\"estado\":true,\"__v\":0},\"aplicacion\":{\"_id\":\"64ac94defe9ceb19aba0a84b\",\"nombre\":\"SOFIA\"},\"categoria\":{\"_id\":\"64ace8170c79b94913fa183b\",\"nombre\":\"cuidado de piel\",\"descripcion\":\"mejorar la apariencia y el tacto de la piel\",\"empresa\":\"64acc6d680d17c210fd9f1b0\",\"estado\":true,\"__v\":0},\"codigo\":\"P001\",\"codigo_sunat\":\"001\",\"descuento\":0,\"descripcion\":\"producto bebible\",\"estado\":true,\"precio_unitario\":1.5,\"unidad_medida\":\"UND\",\"valor_unitario\":1.27118,\"uid\":\"64dc577018454f4ec561618a\"}],\"hasError\":false}"
[2023-08-16T00:30:14.329] [DEBUG] default - "GET /api/productos/listar localhost"
[2023-08-16T00:30:14.332] [DEBUG] default - "REQUEST PARAMS: {}"
[2023-08-16T00:30:14.334] [DEBUG] default - "RESPONSE STATUS: 200"
[2023-08-16T00:30:17.108] [DEBUG] default - "RESPONSE STATUS: {\"messsage\":\"productoListar - Productos encontrados\",\"total\":2,\"producto\":[{\"nombre\":\"Emoliente\",\"empresa\":{\"_id\":\"64acc6d680d17c210fd9f1b0\",\"nombre_comercial\":\"SPAXION\",\"razon_social\":\"Spaxion por tu belleza SAC\"},\"aplicacion\":{\"_id\":\"64ac94defe9ceb19aba0a84b\",\"nombre\":\"SOFIA\"},\"categoria\":{\"_id\":\"64ace8170c79b94913fa183b\",\"nombre\":\"cuidado de piel\",\"descripcion\":\"mejorar la apariencia y el tacto de la piel\",\"empresa\":\"64acc6d680d17c210fd9f1b0\",\"estado\":true,\"__v\":0},\"codigo\":\"P001\",\"codigo_sunat\":\"001\",\"descuento\":0,\"descripcion\":\"producto bebible\",\"estado\":true,\"precio_unitario\":1.5,\"unidad_medida\":\"LTR\",\"valor_unitario\":1.27118,\"uid\":\"64dc467b71e4c995190a357d\"},{\"nombre\":\"Pan\",\"empresa\":{\"_id\":\"64acc6d680d17c210fd9f1b0\",\"nombre_comercial\":\"SPAXION\",\"razon_social\":\"Spaxion por tu belleza SAC\"},\"aplicacion\":{\"_id\":\"64ac94defe9ceb19aba0a84b\",\"nombre\":\"SOFIA\"},\"categoria\":{\"_id\":\"64ace8170c79b94913fa183b\",\"nombre\":\"cuidado de piel\",\"descripcion\":\"mejorar la apariencia y el tacto de la piel\",\"empresa\":\"64acc6d680d17c210fd9f1b0\",\"estado\":true,\"__v\":0},\"codigo\":\"P001\",\"codigo_sunat\":\"001\",\"descuento\":0,\"descripcion\":\"producto bebible\",\"estado\":true,\"precio_unitario\":1.5,\"unidad_medida\":\"UND\",\"valor_unitario\":1.27118,\"uid\":\"64dc577018454f4ec561618a\"}],\"hasError\":false}"
[2023-08-16T00:30:44.037] [DEBUG] default - "GET /api/productos/listar localhost"
[2023-08-16T00:30:44.039] [DEBUG] default - "REQUEST PARAMS: {}"
[2023-08-16T00:30:44.040] [DEBUG] default - "RESPONSE STATUS: 200"
[2023-08-16T00:30:46.063] [DEBUG] default - "RESPONSE STATUS: {\"messsage\":\"productoListar - Productos encontrados\",\"total\":2,\"producto\":[{\"nombre\":\"Emoliente\",\"empresa\":\"64acc6d680d17c210fd9f1b0\",\"aplicacion\":\"64ac94defe9ceb19aba0a84b\",\"categoria\":{\"_id\":\"64ace8170c79b94913fa183b\",\"nombre\":\"cuidado de piel\"},\"codigo\":\"P001\",\"codigo_sunat\":\"001\",\"descuento\":0,\"descripcion\":\"producto bebible\",\"estado\":true,\"precio_unitario\":1.5,\"unidad_medida\":\"LTR\",\"valor_unitario\":1.27118,\"uid\":\"64dc467b71e4c995190a357d\"},{\"nombre\":\"Pan\",\"empresa\":\"64acc6d680d17c210fd9f1b0\",\"aplicacion\":\"64ac94defe9ceb19aba0a84b\",\"categoria\":{\"_id\":\"64ace8170c79b94913fa183b\",\"nombre\":\"cuidado de piel\"},\"codigo\":\"P001\",\"codigo_sunat\":\"001\",\"descuento\":0,\"descripcion\":\"producto bebible\",\"estado\":true,\"precio_unitario\":1.5,\"unidad_medida\":\"UND\",\"valor_unitario\":1.27118,\"uid\":\"64dc577018454f4ec561618a\"}],\"hasError\":false}"
[2023-08-16T00:31:22.817] [DEBUG] default - "GET /api/productos/listar localhost"
[2023-08-16T00:31:22.819] [DEBUG] default - "REQUEST PARAMS: {}"
[2023-08-16T00:31:22.821] [DEBUG] default - "RESPONSE STATUS: 200"
[2023-08-16T00:31:23.088] [DEBUG] default - "RESPONSE STATUS: {\"messsage\":\"productoListar - Productos encontrados\",\"total\":2,\"producto\":[{\"nombre\":\"Emoliente\",\"empresa\":{\"_id\":\"64acc6d680d17c210fd9f1b0\",\"nombre_comercial\":\"SPAXION\",\"razon_social\":\"Spaxion por tu belleza SAC\"},\"aplicacion\":{\"_id\":\"64ac94defe9ceb19aba0a84b\",\"nombre\":\"SOFIA\"},\"categoria\":{\"_id\":\"64ace8170c79b94913fa183b\",\"nombre\":\"cuidado de piel\"},\"codigo\":\"P001\",\"codigo_sunat\":\"001\",\"descuento\":0,\"descripcion\":\"producto bebible\",\"estado\":true,\"precio_unitario\":1.5,\"unidad_medida\":\"LTR\",\"valor_unitario\":1.27118,\"uid\":\"64dc467b71e4c995190a357d\"},{\"nombre\":\"Pan\",\"empresa\":{\"_id\":\"64acc6d680d17c210fd9f1b0\",\"nombre_comercial\":\"SPAXION\",\"razon_social\":\"Spaxion por tu belleza SAC\"},\"aplicacion\":{\"_id\":\"64ac94defe9ceb19aba0a84b\",\"nombre\":\"SOFIA\"},\"categoria\":{\"_id\":\"64ace8170c79b94913fa183b\",\"nombre\":\"cuidado de piel\"},\"codigo\":\"P001\",\"codigo_sunat\":\"001\",\"descuento\":0,\"descripcion\":\"producto bebible\",\"estado\":true,\"precio_unitario\":1.5,\"unidad_medida\":\"UND\",\"valor_unitario\":1.27118,\"uid\":\"64dc577018454f4ec561618a\"}],\"hasError\":false}"
[2023-08-16T00:31:57.176] [DEBUG] default - "GET /api/productos/listar localhost"
[2023-08-16T00:31:57.179] [DEBUG] default - "REQUEST PARAMS: {}"
[2023-08-16T00:31:57.181] [DEBUG] default - "RESPONSE STATUS: 200"
[2023-08-16T00:31:58.369] [DEBUG] default - "RESPONSE STATUS: {\"messsage\":\"productoListar - Productos encontrados\",\"total\":2,\"producto\":[{\"nombre\":\"Emoliente\",\"empresa\":{\"_id\":\"64acc6d680d17c210fd9f1b0\",\"nombre_comercial\":\"SPAXION\",\"razon_social\":\"Spaxion por tu belleza SAC\",\"ruc\":\"20608699679\",\"estado\":true,\"__v\":0},\"aplicacion\":{\"_id\":\"64ac94defe9ceb19aba0a84b\",\"nombre\":\"SOFIA\",\"descripcion\":\"Software de ventas, financias y administracion\",\"estado\":true,\"suppliers\":[\"64acc6d680d17c210fd9f1b0\",\"64acc748ea1b0faee3531f33\"]},\"categoria\":{\"_id\":\"64ace8170c79b94913fa183b\",\"nombre\":\"cuidado de piel\",\"descripcion\":\"mejorar la apariencia y el tacto de la piel\",\"empresa\":\"64acc6d680d17c210fd9f1b0\",\"estado\":true,\"__v\":0},\"codigo\":\"P001\",\"codigo_sunat\":\"001\",\"descuento\":0,\"descripcion\":\"producto bebible\",\"estado\":true,\"precio_unitario\":1.5,\"unidad_medida\":\"LTR\",\"valor_unitario\":1.27118,\"uid\":\"64dc467b71e4c995190a357d\"},{\"nombre\":\"Pan\",\"empresa\":{\"_id\":\"64acc6d680d17c210fd9f1b0\",\"nombre_comercial\":\"SPAXION\",\"razon_social\":\"Spaxion por tu belleza SAC\",\"ruc\":\"20608699679\",\"estado\":true,\"__v\":0},\"aplicacion\":{\"_id\":\"64ac94defe9ceb19aba0a84b\",\"nombre\":\"SOFIA\",\"descripcion\":\"Software de ventas, financias y administracion\",\"estado\":true,\"suppliers\":[\"64acc6d680d17c210fd9f1b0\",\"64acc748ea1b0faee3531f33\"]},\"categoria\":{\"_id\":\"64ace8170c79b94913fa183b\",\"nombre\":\"cuidado de piel\",\"descripcion\":\"mejorar la apariencia y el tacto de la piel\",\"empresa\":\"64acc6d680d17c210fd9f1b0\",\"estado\":true,\"__v\":0},\"codigo\":\"P001\",\"codigo_sunat\":\"001\",\"descuento\":0,\"descripcion\":\"producto bebible\",\"estado\":true,\"precio_unitario\":1.5,\"unidad_medida\":\"UND\",\"valor_unitario\":1.27118,\"uid\":\"64dc577018454f4ec561618a\"}],\"hasError\":false}"
[2023-08-16T17:36:12.935] [DEBUG] default - "GET /api/productos/listar localhost"
[2023-08-16T17:36:12.940] [DEBUG] default - "RESPONSE STATUS: 200"
[2023-08-16T17:36:12.937] [DEBUG] default - "REQUEST PARAMS: {}"
[2023-08-16T17:36:13.204] [DEBUG] default - "RESPONSE STATUS: {\"messsage\":\"productoListar - Productos encontrados\",\"total\":2,\"producto\":[{\"nombre\":\"Emoliente\",\"empresa\":{\"_id\":\"64acc6d680d17c210fd9f1b0\",\"nombre_comercial\":\"SPAXION\",\"razon_social\":\"Spaxion por tu belleza SAC\",\"ruc\":\"20608699679\",\"estado\":true,\"__v\":0},\"aplicacion\":{\"_id\":\"64ac94defe9ceb19aba0a84b\",\"nombre\":\"SOFIA\",\"descripcion\":\"Software de ventas, financias y administracion\",\"estado\":true,\"suppliers\":[\"64acc6d680d17c210fd9f1b0\",\"64acc748ea1b0faee3531f33\"]},\"categoria\":{\"_id\":\"64ace8170c79b94913fa183b\",\"nombre\":\"cuidado de piel\",\"descripcion\":\"mejorar la apariencia y el tacto de la piel\",\"empresa\":\"64acc6d680d17c210fd9f1b0\",\"estado\":true,\"__v\":0},\"codigo\":\"P001\",\"codigo_sunat\":\"001\",\"descuento\":0,\"descripcion\":\"producto bebible\",\"estado\":true,\"precio_unitario\":1.5,\"unidad_medida\":\"LTR\",\"valor_unitario\":1.27118,\"uid\":\"64dc467b71e4c995190a357d\"},{\"nombre\":\"Pan\",\"empresa\":{\"_id\":\"64acc6d680d17c210fd9f1b0\",\"nombre_comercial\":\"SPAXION\",\"razon_social\":\"Spaxion por tu belleza SAC\",\"ruc\":\"20608699679\",\"estado\":true,\"__v\":0},\"aplicacion\":{\"_id\":\"64ac94defe9ceb19aba0a84b\",\"nombre\":\"SOFIA\",\"descripcion\":\"Software de ventas, financias y administracion\",\"estado\":true,\"suppliers\":[\"64acc6d680d17c210fd9f1b0\",\"64acc748ea1b0faee3531f33\"]},\"categoria\":{\"_id\":\"64ace8170c79b94913fa183b\",\"nombre\":\"cuidado de piel\",\"descripcion\":\"mejorar la apariencia y el tacto de la piel\",\"empresa\":\"64acc6d680d17c210fd9f1b0\",\"estado\":true,\"__v\":0},\"codigo\":\"P001\",\"codigo_sunat\":\"001\",\"descuento\":0,\"descripcion\":\"producto bebible\",\"estado\":true,\"precio_unitario\":1.5,\"unidad_medida\":\"UND\",\"valor_unitario\":1.27118,\"uid\":\"64dc577018454f4ec561618a\"}],\"hasError\":false}"
[2023-08-16T17:44:32.900] [DEBUG] default - "POST /api/productos/eliminar localhost"
[2023-08-16T17:44:32.903] [DEBUG] default - "REQUEST PARAMS: {\"id\":\"64dc467b71e4c995190a357d\"}"
[2023-08-16T17:44:32.906] [DEBUG] default - "RESPONSE STATUS: 200"
[2023-08-16T17:44:32.915] [DEBUG] default - "RESPONSE STATUS: {\"messsage\":\"Correcto\",\"cliente\":null,\"hasError\":true}"
[2023-08-16T17:44:36.615] [DEBUG] default - "GET /api/productos/listar localhost"
[2023-08-16T17:44:36.617] [DEBUG] default - "REQUEST PARAMS: {}"
[2023-08-16T17:44:36.618] [DEBUG] default - "RESPONSE STATUS: 200"
[2023-08-16T17:44:36.859] [DEBUG] default - "RESPONSE STATUS: {\"messsage\":\"productoListar - Productos encontrados\",\"total\":2,\"producto\":[{\"nombre\":\"Emoliente\",\"empresa\":{\"_id\":\"64acc6d680d17c210fd9f1b0\",\"nombre_comercial\":\"SPAXION\",\"razon_social\":\"Spaxion por tu belleza SAC\",\"ruc\":\"20608699679\",\"estado\":true,\"__v\":0},\"aplicacion\":{\"_id\":\"64ac94defe9ceb19aba0a84b\",\"nombre\":\"SOFIA\",\"descripcion\":\"Software de ventas, financias y administracion\",\"estado\":true,\"suppliers\":[\"64acc6d680d17c210fd9f1b0\",\"64acc748ea1b0faee3531f33\"]},\"categoria\":{\"_id\":\"64ace8170c79b94913fa183b\",\"nombre\":\"cuidado de piel\",\"descripcion\":\"mejorar la apariencia y el tacto de la piel\",\"empresa\":\"64acc6d680d17c210fd9f1b0\",\"estado\":true,\"__v\":0},\"codigo\":\"P001\",\"codigo_sunat\":\"001\",\"descuento\":0,\"descripcion\":\"producto bebible\",\"estado\":true,\"precio_unitario\":1.5,\"unidad_medida\":\"LTR\",\"valor_unitario\":1.27118,\"uid\":\"64dc467b71e4c995190a357d\"},{\"nombre\":\"Pan\",\"empresa\":{\"_id\":\"64acc6d680d17c210fd9f1b0\",\"nombre_comercial\":\"SPAXION\",\"razon_social\":\"Spaxion por tu belleza SAC\",\"ruc\":\"20608699679\",\"estado\":true,\"__v\":0},\"aplicacion\":{\"_id\":\"64ac94defe9ceb19aba0a84b\",\"nombre\":\"SOFIA\",\"descripcion\":\"Software de ventas, financias y administracion\",\"estado\":true,\"suppliers\":[\"64acc6d680d17c210fd9f1b0\",\"64acc748ea1b0faee3531f33\"]},\"categoria\":{\"_id\":\"64ace8170c79b94913fa183b\",\"nombre\":\"cuidado de piel\",\"descripcion\":\"mejorar la apariencia y el tacto de la piel\",\"empresa\":\"64acc6d680d17c210fd9f1b0\",\"estado\":true,\"__v\":0},\"codigo\":\"P001\",\"codigo_sunat\":\"001\",\"descuento\":0,\"descripcion\":\"producto bebible\",\"estado\":true,\"precio_unitario\":1.5,\"unidad_medida\":\"UND\",\"valor_unitario\":1.27118,\"uid\":\"64dc577018454f4ec561618a\"}],\"hasError\":false}"
[2023-08-16T17:45:18.110] [DEBUG] default - "POST /api/productos/eliminar localhost"
[2023-08-16T17:45:18.112] [DEBUG] default - "REQUEST PARAMS: {\"id\":\"64dc467b71e4c995190a357d\"}"
[2023-08-16T17:45:18.114] [DEBUG] default - "RESPONSE STATUS: 200"
[2023-08-16T17:45:18.241] [DEBUG] default - "RESPONSE STATUS: {\"messsage\":\"Correcto\",\"cliente\":null,\"hasError\":true}"
[2023-08-16T17:45:28.731] [DEBUG] default - "GET /api/productos/listar localhost"
[2023-08-16T17:45:28.733] [DEBUG] default - "REQUEST PARAMS: {}"
[2023-08-16T17:45:28.734] [DEBUG] default - "RESPONSE STATUS: 200"
[2023-08-16T17:45:28.964] [DEBUG] default - "RESPONSE STATUS: {\"messsage\":\"productoListar - Productos encontrados\",\"total\":1,\"producto\":[{\"nombre\":\"Pan\",\"empresa\":{\"_id\":\"64acc6d680d17c210fd9f1b0\",\"nombre_comercial\":\"SPAXION\",\"razon_social\":\"Spaxion por tu belleza SAC\",\"ruc\":\"20608699679\",\"estado\":true,\"__v\":0},\"aplicacion\":{\"_id\":\"64ac94defe9ceb19aba0a84b\",\"nombre\":\"SOFIA\",\"descripcion\":\"Software de ventas, financias y administracion\",\"estado\":true,\"suppliers\":[\"64acc6d680d17c210fd9f1b0\",\"64acc748ea1b0faee3531f33\"]},\"categoria\":{\"_id\":\"64ace8170c79b94913fa183b\",\"nombre\":\"cuidado de piel\",\"descripcion\":\"mejorar la apariencia y el tacto de la piel\",\"empresa\":\"64acc6d680d17c210fd9f1b0\",\"estado\":true,\"__v\":0},\"codigo\":\"P001\",\"codigo_sunat\":\"001\",\"descuento\":0,\"descripcion\":\"producto bebible\",\"estado\":true,\"precio_unitario\":1.5,\"unidad_medida\":\"UND\",\"valor_unitario\":1.27118,\"uid\":\"64dc577018454f4ec561618a\"}],\"hasError\":false}"
[2023-08-16T17:56:11.843] [DEBUG] default - "GET /api/productos/listar localhost"
[2023-08-16T17:56:11.845] [DEBUG] default - "REQUEST PARAMS: {}"
[2023-08-16T17:56:11.847] [DEBUG] default - "RESPONSE STATUS: 200"
[2023-08-16T17:56:12.083] [DEBUG] default - "RESPONSE STATUS: {\"messsage\":\"productoListar - Productos encontrados\",\"total\":2,\"producto\":[{\"nombre\":\"Emoliente\",\"empresa\":{\"_id\":\"64acc6d680d17c210fd9f1b0\",\"nombre_comercial\":\"SPAXION\",\"razon_social\":\"Spaxion por tu belleza SAC\",\"ruc\":\"20608699679\",\"estado\":true,\"__v\":0},\"aplicacion\":{\"_id\":\"64ac94defe9ceb19aba0a84b\",\"nombre\":\"SOFIA\",\"descripcion\":\"Software de ventas, financias y administracion\",\"estado\":true,\"suppliers\":[\"64acc6d680d17c210fd9f1b0\",\"64acc748ea1b0faee3531f33\"]},\"categoria\":{\"_id\":\"64ace8170c79b94913fa183b\",\"nombre\":\"cuidado de piel\",\"descripcion\":\"mejorar la apariencia y el tacto de la piel\",\"empresa\":\"64acc6d680d17c210fd9f1b0\",\"estado\":true,\"__v\":0},\"codigo\":\"P001\",\"codigo_sunat\":\"001\",\"descuento\":0,\"descripcion\":\"producto bebible\",\"estado\":true,\"precio_unitario\":1.5,\"unidad_medida\":\"LTR\",\"valor_unitario\":1.27118,\"uid\":\"64dc467b71e4c995190a357d\"},{\"nombre\":\"Pan\",\"empresa\":{\"_id\":\"64acc6d680d17c210fd9f1b0\",\"nombre_comercial\":\"SPAXION\",\"razon_social\":\"Spaxion por tu belleza SAC\",\"ruc\":\"20608699679\",\"estado\":true,\"__v\":0},\"aplicacion\":{\"_id\":\"64ac94defe9ceb19aba0a84b\",\"nombre\":\"SOFIA\",\"descripcion\":\"Software de ventas, financias y administracion\",\"estado\":true,\"suppliers\":[\"64acc6d680d17c210fd9f1b0\",\"64acc748ea1b0faee3531f33\"]},\"categoria\":{\"_id\":\"64ace8170c79b94913fa183b\",\"nombre\":\"cuidado de piel\",\"descripcion\":\"mejorar la apariencia y el tacto de la piel\",\"empresa\":\"64acc6d680d17c210fd9f1b0\",\"estado\":true,\"__v\":0},\"codigo\":\"P001\",\"codigo_sunat\":\"001\",\"descuento\":0,\"descripcion\":\"producto bebible\",\"estado\":true,\"precio_unitario\":1.5,\"unidad_medida\":\"UND\",\"valor_unitario\":1.27118,\"uid\":\"64dc577018454f4ec561618a\"}],\"hasError\":false}"
[2023-08-16T17:56:17.496] [DEBUG] default - "POST /api/productos/eliminar localhost"
[2023-08-16T17:56:17.498] [DEBUG] default - "REQUEST PARAMS: {\"id\":\"64dc467b71e4c995190a357d\"}"
[2023-08-16T17:56:17.499] [DEBUG] default - "RESPONSE STATUS: 200"
[2023-08-16T17:56:57.043] [DEBUG] default - "GET /api/productos/listar localhost"
[2023-08-16T17:56:57.045] [DEBUG] default - "REQUEST PARAMS: {}"
[2023-08-16T17:56:57.047] [DEBUG] default - "RESPONSE STATUS: 200"
[2023-08-16T17:56:57.284] [DEBUG] default - "RESPONSE STATUS: {\"messsage\":\"productoListar - Productos encontrados\",\"total\":2,\"producto\":[{\"nombre\":\"Emoliente\",\"empresa\":{\"_id\":\"64acc6d680d17c210fd9f1b0\",\"nombre_comercial\":\"SPAXION\",\"razon_social\":\"Spaxion por tu belleza SAC\",\"ruc\":\"20608699679\",\"estado\":true,\"__v\":0},\"aplicacion\":{\"_id\":\"64ac94defe9ceb19aba0a84b\",\"nombre\":\"SOFIA\",\"descripcion\":\"Software de ventas, financias y administracion\",\"estado\":true,\"suppliers\":[\"64acc6d680d17c210fd9f1b0\",\"64acc748ea1b0faee3531f33\"]},\"categoria\":{\"_id\":\"64ace8170c79b94913fa183b\",\"nombre\":\"cuidado de piel\",\"descripcion\":\"mejorar la apariencia y el tacto de la piel\",\"empresa\":\"64acc6d680d17c210fd9f1b0\",\"estado\":true,\"__v\":0},\"codigo\":\"P001\",\"codigo_sunat\":\"001\",\"descuento\":0,\"descripcion\":\"producto bebible\",\"estado\":true,\"precio_unitario\":1.5,\"unidad_medida\":\"LTR\",\"valor_unitario\":1.27118,\"uid\":\"64dc467b71e4c995190a357d\"},{\"nombre\":\"Pan\",\"empresa\":{\"_id\":\"64acc6d680d17c210fd9f1b0\",\"nombre_comercial\":\"SPAXION\",\"razon_social\":\"Spaxion por tu belleza SAC\",\"ruc\":\"20608699679\",\"estado\":true,\"__v\":0},\"aplicacion\":{\"_id\":\"64ac94defe9ceb19aba0a84b\",\"nombre\":\"SOFIA\",\"descripcion\":\"Software de ventas, financias y administracion\",\"estado\":true,\"suppliers\":[\"64acc6d680d17c210fd9f1b0\",\"64acc748ea1b0faee3531f33\"]},\"categoria\":{\"_id\":\"64ace8170c79b94913fa183b\",\"nombre\":\"cuidado de piel\",\"descripcion\":\"mejorar la apariencia y el tacto de la piel\",\"empresa\":\"64acc6d680d17c210fd9f1b0\",\"estado\":true,\"__v\":0},\"codigo\":\"P001\",\"codigo_sunat\":\"001\",\"descuento\":0,\"descripcion\":\"producto bebible\",\"estado\":true,\"precio_unitario\":1.5,\"unidad_medida\":\"UND\",\"valor_unitario\":1.27118,\"uid\":\"64dc577018454f4ec561618a\"}],\"hasError\":false}"
[2023-08-16T17:57:00.402] [DEBUG] default - "POST /api/productos/eliminar localhost"
[2023-08-16T17:57:00.403] [DEBUG] default - "REQUEST PARAMS: {\"id\":\"64dc467b71e4c995190a357d\"}"
[2023-08-16T17:57:00.405] [DEBUG] default - "RESPONSE STATUS: 200"
[2023-08-16T17:57:00.527] [DEBUG] default - "RESPONSE STATUS: {\"messsage\":\"productoEliminar - Producto eliminado\",\"hasError\":false}"
[2023-08-16T17:57:03.064] [DEBUG] default - "GET /api/productos/listar localhost"
[2023-08-16T17:57:03.065] [DEBUG] default - "REQUEST PARAMS: {}"
[2023-08-16T17:57:03.067] [DEBUG] default - "RESPONSE STATUS: 200"
[2023-08-16T17:57:03.364] [DEBUG] default - "RESPONSE STATUS: {\"messsage\":\"productoListar - Productos encontrados\",\"total\":1,\"producto\":[{\"nombre\":\"Pan\",\"empresa\":{\"_id\":\"64acc6d680d17c210fd9f1b0\",\"nombre_comercial\":\"SPAXION\",\"razon_social\":\"Spaxion por tu belleza SAC\",\"ruc\":\"20608699679\",\"estado\":true,\"__v\":0},\"aplicacion\":{\"_id\":\"64ac94defe9ceb19aba0a84b\",\"nombre\":\"SOFIA\",\"descripcion\":\"Software de ventas, financias y administracion\",\"estado\":true,\"suppliers\":[\"64acc6d680d17c210fd9f1b0\",\"64acc748ea1b0faee3531f33\"]},\"categoria\":{\"_id\":\"64ace8170c79b94913fa183b\",\"nombre\":\"cuidado de piel\",\"descripcion\":\"mejorar la apariencia y el tacto de la piel\",\"empresa\":\"64acc6d680d17c210fd9f1b0\",\"estado\":true,\"__v\":0},\"codigo\":\"P001\",\"codigo_sunat\":\"001\",\"descuento\":0,\"descripcion\":\"producto bebible\",\"estado\":true,\"precio_unitario\":1.5,\"unidad_medida\":\"UND\",\"valor_unitario\":1.27118,\"uid\":\"64dc577018454f4ec561618a\"}],\"hasError\":false}"
